<?xml version="1.0" encoding="UTF-8"?>
<testng-results skipped="0" failed="0" ignored="2" total="4" passed="2">
  <reporter-output>
  </reporter-output>
  <suite name="Suite" duration-ms="108221" started-at="2019-04-12T04:54:55Z" finished-at="2019-04-12T04:56:43Z">
    <groups>
    </groups>
    <test name="Test" duration-ms="108221" started-at="2019-04-12T04:54:55Z" finished-at="2019-04-12T04:56:43Z">
      <class name="testScripts.Module2">
        <test-method status="PASS" signature="BeforeClass()[pri:0, instance:testScripts.Module2@3b0143d3]" name="BeforeClass" is-config="true" duration-ms="118" started-at="2019-04-12T04:56:02Z" finished-at="2019-04-12T04:56:02Z">
          <reporter-output>
          </reporter-output>
        </test-method> <!-- BeforeClass -->
        <test-method status="PASS" signature="beforemethod(java.lang.reflect.Method)[pri:0, instance:testScripts.Module2@3b0143d3]" name="beforemethod" is-config="true" duration-ms="32" started-at="2019-04-12T04:56:02Z" finished-at="2019-04-12T04:56:02Z">
          <params>
            <param index="0">
              <value>
                <![CDATA[public void testScripts.Module2.TC201()]]>
              </value>
            </param>
          </params>
          <reporter-output>
          </reporter-output>
        </test-method> <!-- beforemethod -->
        <test-method status="PASS" signature="TC201()[pri:0, instance:testScripts.Module2@3b0143d3]" name="TC201" duration-ms="41023" started-at="2019-04-12T04:56:02Z" finished-at="2019-04-12T04:56:43Z">
          <reporter-output>
          </reporter-output>
        </test-method> <!-- TC201 -->
        <test-method status="PASS" signature="aftermethod(org.testng.ITestResult)[pri:0, instance:testScripts.Module2@3b0143d3]" name="aftermethod" is-config="true" duration-ms="206" started-at="2019-04-12T04:56:43Z" finished-at="2019-04-12T04:56:43Z">
          <params>
            <param index="0">
              <value>
                <![CDATA[[TestResult name=TC201 status=SUCCESS method=Module2.TC201()[pri:0, instance:testScripts.Module2@3b0143d3] output={null}]]]>
              </value>
            </param>
          </params>
          <reporter-output>
          </reporter-output>
        </test-method> <!-- aftermethod -->
        <test-method status="PASS" signature="AfterClass()[pri:0, instance:testScripts.Module2@3b0143d3]" name="AfterClass" is-config="true" duration-ms="1" started-at="2019-04-12T04:56:43Z" finished-at="2019-04-12T04:56:43Z">
          <reporter-output>
          </reporter-output>
        </test-method> <!-- AfterClass -->
      </class> <!-- testScripts.Module2 -->
      <class name="testScripts.Module1">
        <test-method status="PASS" signature="beforesuite()[pri:0, instance:testScripts.Module1@57536d79]" name="beforesuite" is-config="true" duration-ms="349" started-at="2019-04-12T04:54:55Z" finished-at="2019-04-12T04:54:55Z">
          <reporter-output>
          </reporter-output>
        </test-method> <!-- beforesuite -->
        <test-method status="PASS" signature="BeforeClass()[pri:0, instance:testScripts.Module1@57536d79]" name="BeforeClass" is-config="true" duration-ms="1553" started-at="2019-04-12T04:54:55Z" finished-at="2019-04-12T04:54:57Z">
          <reporter-output>
          </reporter-output>
        </test-method> <!-- BeforeClass -->
        <test-method status="PASS" signature="beforemethod(java.lang.reflect.Method)[pri:0, instance:testScripts.Module1@57536d79]" name="beforemethod" is-config="true" duration-ms="158" started-at="2019-04-12T04:54:57Z" finished-at="2019-04-12T04:54:57Z">
          <params>
            <param index="0">
              <value>
                <![CDATA[public void testScripts.Module1.TC101()]]>
              </value>
            </param>
          </params>
          <reporter-output>
          </reporter-output>
        </test-method> <!-- beforemethod -->
        <test-method status="PASS" signature="TC101()[pri:0, instance:testScripts.Module1@57536d79]" name="TC101" duration-ms="63860" started-at="2019-04-12T04:54:57Z" finished-at="2019-04-12T04:56:01Z">
          <reporter-output>
          </reporter-output>
        </test-method> <!-- TC101 -->
        <test-method status="PASS" signature="aftermethod(org.testng.ITestResult)[pri:0, instance:testScripts.Module1@57536d79]" name="aftermethod" is-config="true" duration-ms="1141" started-at="2019-04-12T04:56:01Z" finished-at="2019-04-12T04:56:02Z">
          <params>
            <param index="0">
              <value>
                <![CDATA[[TestResult name=TC101 status=SUCCESS method=Module1.TC101()[pri:0, instance:testScripts.Module1@57536d79] output={null}]]]>
              </value>
            </param>
          </params>
          <reporter-output>
          </reporter-output>
        </test-method> <!-- aftermethod -->
        <test-method status="PASS" signature="AfterClass()[pri:0, instance:testScripts.Module1@57536d79]" name="AfterClass" is-config="true" duration-ms="1" started-at="2019-04-12T04:56:02Z" finished-at="2019-04-12T04:56:02Z">
          <reporter-output>
          </reporter-output>
        </test-method> <!-- AfterClass -->
        <test-method status="PASS" signature="aftersuite()[pri:0, instance:testScripts.Module1@57536d79]" name="aftersuite" is-config="true" duration-ms="18645" started-at="2019-04-12T04:56:44Z" finished-at="2019-04-12T04:57:02Z">
          <reporter-output>
          </reporter-output>
        </test-method> <!-- aftersuite -->
      </class> <!-- testScripts.Module1 -->
    </test> <!-- Test -->
  </suite> <!-- Suite -->
</testng-results>
