<?xml version="1.0" encoding="UTF-8"?>
<!-- Generated by org.testng.reporters.JUnitXMLReporter -->
<testsuite hostname="DESKTOP-4TP3DBB" ignored="2" name="Test" tests="2" failures="0" timestamp="12 Apr 2019 04:56:44 GMT" time="108.221" errors="0">
  <testcase name="TC101" time="63.86" classname="testScripts.Module1"/>
  <testcase name="TC201" time="41.023" classname="testScripts.Module2"/>
  <testcase name="@AfterSuite aftersuite" time="0.0" classname="frameworkLibrary.BaseClass">
    <ignored/>
  </testcase> <!-- @AfterSuite aftersuite -->
  <testcase name="@BeforeSuite beforesuite" time="0.0" classname="frameworkLibrary.BaseClass">
    <ignored/>
  </testcase> <!-- @BeforeSuite beforesuite -->
</testsuite> <!-- Test -->
